


ARM Macro Assembler    Page 1 


    1 00000000         ;/******************************************************
                       ********************//**
    2 00000000         ; * @file     startup_CMSDK_CM0plus.s
    3 00000000         ; * @brief    CMSIS Cortex-M0+ Core Device Startup File 
                       for
    4 00000000         ; *           Device CMSDK_CM0plus
    5 00000000         ; * @version  V3.01
    6 00000000         ; * @date     06. March 2012
    7 00000000         ; *
    8 00000000         ; * @note
    9 00000000         ; * Copyright (C) 2012 ARM Limited. All rights reserved.
                       
   10 00000000         ; *
   11 00000000         ; * @par
   12 00000000         ; * ARM Limited (ARM) is supplying this software for use
                        with Cortex-M
   13 00000000         ; * processor based microcontrollers.  This file can be 
                       freely distributed
   14 00000000         ; * within development tools that are supporting such AR
                       M based processors.
   15 00000000         ; *
   16 00000000         ; * @par
   17 00000000         ; * THIS SOFTWARE IS PROVIDED "AS IS".  NO WARRANTIES, W
                       HETHER EXPRESS, IMPLIED
   18 00000000         ; * OR STATUTORY, INCLUDING, BUT NOT LIMITED TO, IMPLIED
                        WARRANTIES OF
   19 00000000         ; * MERCHANTABILITY AND FITNESS FOR A PARTICULAR PURPOSE
                        APPLY TO THIS SOFTWARE.
   20 00000000         ; * ARM SHALL NOT, IN ANY CIRCUMSTANCES, BE LIABLE FOR S
                       PECIAL, INCIDENTAL, OR
   21 00000000         ; * CONSEQUENTIAL DAMAGES, FOR ANY REASON WHATSOEVER.
   22 00000000         ; *
   23 00000000         ; ******************************************************
                       ************************/
   24 00000000         ;/*
   25 00000000         ;//-------- <<< Use Configuration Wizard in Context Menu
                        >>> ------------------
   26 00000000         ;*/
   27 00000000         
   28 00000000         
   29 00000000         ; <h> Stack Configuration
   30 00000000         ;   <o> Stack Size (in Bytes) <0x0-0xFFFFFFFF:8>
   31 00000000         ; </h>
   32 00000000         
   33 00000000 00000000 
                       Stack_Size
                               EQU              0x00000000
   34 00000000         
   35 00000000                 AREA             STACK, NOINIT, READWRITE, ALIGN
=3
   36 00000000         Stack_Mem
                               SPACE            Stack_Size
   37 00000000         __initial_sp
   38 00000000         
   39 00000000         
   40 00000000         ; <h> Heap Configuration
   41 00000000         ;   <o>  Heap Size (in Bytes) <0x0-0xFFFFFFFF:8>
   42 00000000         ; </h>
   43 00000000         



ARM Macro Assembler    Page 2 


   44 00000000 00000000 
                       Heap_Size
                               EQU              0x00000000
   45 00000000         
   46 00000000                 AREA             HEAP, NOINIT, READWRITE, ALIGN=
3
   47 00000000         __heap_base
   48 00000000         Heap_Mem
                               SPACE            Heap_Size
   49 00000000         __heap_limit
   50 00000000         
   51 00000000         
   52 00000000                 PRESERVE8
   53 00000000                 THUMB
   54 00000000         
   55 00000000         
   56 00000000         ; Vector Table Mapped to Address 0 at Reset
   57 00000000         
   58 00000000                 AREA             RESET, DATA, READONLY
   59 00000000                 EXPORT           __Vectors
   60 00000000                 EXPORT           __Vectors_End
   61 00000000                 EXPORT           __Vectors_Size
   62 00000000         
   63 00000000 00000000 
                       __Vectors
                               DCD              __initial_sp ; Top of Stack
   64 00000004 00000000        DCD              Reset_Handler ; Reset Handler
   65 00000008 00000000        DCD              NMI_Handler ; NMI Handler
   66 0000000C 00000000        DCD              HardFault_Handler ; Hard Fault 
                                                            Handler
   67 00000010 00000000        DCD              0           ; Reserved
   68 00000014 00000000        DCD              0           ; Reserved
   69 00000018 00000000        DCD              0           ; Reserved
   70 0000001C 00000000        DCD              0           ; Reserved
   71 00000020 00000000        DCD              0           ; Reserved
   72 00000024 00000000        DCD              0           ; Reserved
   73 00000028 00000000        DCD              0           ; Reserved
   74 0000002C 00000000        DCD              SVC_Handler ; SVCall Handler
   75 00000030 00000000        DCD              0           ; Reserved
   76 00000034 00000000        DCD              0           ; Reserved
   77 00000038 00000000        DCD              PendSV_Handler ; PendSV Handler
                                                            
   78 0000003C 00000000        DCD              SysTick_Handler 
                                                            ; SysTick Handler
   79 00000040 00000000        DCD              TIMER0_Handler ; 16+ 0: TIMER 0
                                                             Handler         
   80 00000044 00000000        DCD              TIMER1_Handler ; 16+ 1: TIMER 1
                                                             Handler         
   81 00000048 00000000        DCD              TIMER2_Handler ; 16+ 2: TIMER 2
                                                             Handler         
   82 0000004C 00000000        DCD              TIMER3_Handler ; 16+ 3: TIMER 3
                                                             Handler         
   83 00000050 00000000        DCD              DUALTIMER_Handler ; 16+ 4: Dual
                                                             timer 2 Handler   
                                                             
   84 00000054 00000000        DCD              UART0_Handler ; 16+ 5: UART 0 H
                                                            andler          
   85 00000058 00000000        DCD              UART1_Handler ; 16+ 6: UART 1 H
                                                            andler          



ARM Macro Assembler    Page 3 


   86 0000005C 00000000        DCD              UART2_Handler ; 16+ 7: UART 2 H
                                                            andler          
   87 00000060 00000000        DCD              SPI0_Handler ; 16+ 8: SPI 0 Han
                                                            dler           
   88 00000064 00000000        DCD              SPI1_Handler ; 16+ 9: SPI 1 Han
                                                            dler           
   89 00000068 00000000        DCD              I2C_Handler ; 16+10: I2C Handle
                                                            r             
   90 0000006C 00000000        DCD              GPIO_Handler ; 16+11: GPIO Comb
                                                            ined Handler   
   91 00000070 00000000        DCD              CACHE_Handler ; 16+12: Cache Co
                                                            mbined Handler  
   92 00000074 00000000        DCD              DMA_Handler ; 16+13: DMA Combin
                                                            ed Handler    
   93 00000078 00000000        DCD              RADAR_Handler ; 16+14: RADAR Co
                                                            mbinaed Handler 
   94 0000007C 00000000        DCD              RC_CAL_Handler ; 16+15: Reserve
                                                             1 Handler       
   95 00000080 00000000        DCD              PLL_Handler ; 16+16: PLL Lock/U
                                                            nlock Handler 
   96 00000084 00000000        DCD              KEY_Handler ; 16+17: KEY Handle
                                                            r             
   97 00000088 00000000        DCD              EFUSE_Handler ; 16+18: EFUSE Re
                                                            ad/Write Handler
   98 0000008C 00000000        DCD              AUX_ADC_Handler ; 16+19: AUX AD
                                                            C Handler         
   99 00000090 00000000        DCD              AFC_PLL_Handler ; 16+20: AFC PL
                                                            L Handler         
  100 00000094 00000000        DCD              LIGHT_Handler ; 16+21: Light Ha
                                                            ndler            
  101 00000098 00000000        DCD              LOW_BAT_Handler ; 16+22: Low Ba
                                                            ttery Handler      
                                                             
  102 0000009C 00000000        DCD              BOR_Handler ; 16+23: BOR Handle
                                                            r       
  103 000000A0 00000000        DCD              GPIO0_Handler ; 16+24: GPIO 0 H
                                                            andler          
  104 000000A4 00000000        DCD              GPIO1_Handler ; 16+25: GPIO 1 H
                                                            andler          
  105 000000A8 00000000        DCD              GPIO2_Handler ; 16+26: GPIO 2 H
                                                            andler          
  106 000000AC 00000000        DCD              GPIO3_Handler ; 16+27: GPIO 3 H
                                                            andler          
  107 000000B0 00000000        DCD              GPIO4_Handler ; 16+28: GPIO 4 H
                                                            andler          
  108 000000B4 00000000        DCD              GPIO5_Handler ; 16+29: GPIO 5 H
                                                            andler          
  109 000000B8 00000000        DCD              GPIO6_Handler ; 16+30: GPIO 6 H
                                                            andler          
  110 000000BC 00000000        DCD              AON_WDT_Handler ; 16+31: AON Wa
                                                            tchdog Handler     
                                                                 
  111 000000C0         __Vectors_End
  112 000000C0         
  113 000000C0 000000C0 
                       __Vectors_Size
                               EQU              __Vectors_End - __Vectors
  114 000000C0         
  115 000000C0                 AREA             |.text|, CODE, READONLY



ARM Macro Assembler    Page 4 


  116 00000000         
  117 00000000         
  118 00000000         ; Reset Handler
  119 00000000         
  120 00000000         Reset_Handler
                               PROC
  121 00000000                 EXPORT           Reset_Handler             [WEAK
]
  122 00000000                 IMPORT           SystemInit
  123 00000000                 IMPORT           __main
  124 00000000 4807            LDR              R0, =SystemInit
  125 00000002 4780            BLX              R0
  126 00000004 4807            LDR              R0, =__main
  127 00000006 4700            BX               R0
  128 00000008                 ENDP
  129 00000008         
  130 00000008         
  131 00000008         ; Dummy Exception Handlers (infinite loops which can be 
                       modified)
  132 00000008         
  133 00000008         NMI_Handler
                               PROC
  134 00000008                 EXPORT           NMI_Handler               [WEAK
]
  135 00000008 E7FE            B                .
  136 0000000A                 ENDP
  138 0000000A         HardFault_Handler
                               PROC
  139 0000000A                 EXPORT           HardFault_Handler         [WEAK
]
  140 0000000A E7FE            B                .
  141 0000000C                 ENDP
  142 0000000C         SVC_Handler
                               PROC
  143 0000000C                 EXPORT           SVC_Handler               [WEAK
]
  144 0000000C E7FE            B                .
  145 0000000E                 ENDP
  146 0000000E         PendSV_Handler
                               PROC
  147 0000000E                 EXPORT           PendSV_Handler            [WEAK
]
  148 0000000E E7FE            B                .
  149 00000010                 ENDP
  150 00000010         SysTick_Handler
                               PROC
  151 00000010                 EXPORT           SysTick_Handler            [WEA
K]
  152 00000010 E7FE            B                .
  153 00000012                 ENDP
  154 00000012         Default_Handler
                               PROC
  155 00000012                 EXPORT           TIMER0_Handler             [WEA
K]
  156 00000012                 EXPORT           TIMER1_Handler             [WEA
K]
  157 00000012                 EXPORT           TIMER2_Handler             [WEA
K]
  158 00000012                 EXPORT           TIMER3_Handler             [WEA



ARM Macro Assembler    Page 5 


K]
  159 00000012                 EXPORT           DUALTIMER_Handler          [WEA
K]
  160 00000012                 EXPORT           UART0_Handler              [WEA
K]
  161 00000012                 EXPORT           UART1_Handler              [WEA
K]
  162 00000012                 EXPORT           UART2_Handler              [WEA
K]
  163 00000012                 EXPORT           SPI0_Handler               [WEA
K]
  164 00000012                 EXPORT           SPI1_Handler               [WEA
K]
  165 00000012                 EXPORT           I2C_Handler                [WEA
K]
  166 00000012                 EXPORT           GPIO_Handler               [WEA
K]
  167 00000012                 EXPORT           CACHE_Handler              [WEA
K]
  168 00000012                 EXPORT           DMA_Handler                [WEA
K]
  169 00000012                 EXPORT           RADAR_Handler              [WEA
K]
  170 00000012                 EXPORT           RC_CAL_Handler             [WEA
K]
  171 00000012                 EXPORT           PLL_Handler                [WEA
K]
  172 00000012                 EXPORT           KEY_Handler                [WEA
K]
  173 00000012                 EXPORT           EFUSE_Handler              [WEA
K]
  174 00000012                 EXPORT           AUX_ADC_Handler            [WEA
K]
  175 00000012                 EXPORT           AFC_PLL_Handler            [WEA
K]
  176 00000012                 EXPORT           LIGHT_Handler              [WEA
K]
  177 00000012                 EXPORT           LOW_BAT_Handler            [WEA
K]
  178 00000012                 EXPORT           BOR_Handler                [WEA
K]
  179 00000012                 EXPORT           GPIO0_Handler              [WEA
K]
  180 00000012                 EXPORT           GPIO1_Handler              [WEA
K]
  181 00000012                 EXPORT           GPIO2_Handler              [WEA
K]
  182 00000012                 EXPORT           GPIO3_Handler              [WEA
K]
  183 00000012                 EXPORT           GPIO4_Handler              [WEA
K]
  184 00000012                 EXPORT           GPIO5_Handler              [WEA
K]
  185 00000012                 EXPORT           GPIO6_Handler              [WEA
K]
  186 00000012                 EXPORT           AON_WDT_Handler              [W
EAK]
  187 00000012         TIMER0_Handler
  188 00000012         TIMER1_Handler



ARM Macro Assembler    Page 6 


  189 00000012         TIMER2_Handler
  190 00000012         TIMER3_Handler
  191 00000012         DUALTIMER_Handler
  192 00000012         UART0_Handler
  193 00000012         UART1_Handler
  194 00000012         UART2_Handler
  195 00000012         SPI0_Handler
  196 00000012         SPI1_Handler
  197 00000012         I2C_Handler
  198 00000012         GPIO_Handler
  199 00000012         CACHE_Handler
  200 00000012         DMA_Handler
  201 00000012         RADAR_Handler
  202 00000012         RC_CAL_Handler
  203 00000012         PLL_Handler
  204 00000012         KEY_Handler
  205 00000012         EFUSE_Handler
  206 00000012         AUX_ADC_Handler
  207 00000012         AFC_PLL_Handler
  208 00000012         LIGHT_Handler
  209 00000012         LOW_BAT_Handler
  210 00000012         BOR_Handler
  211 00000012         GPIO0_Handler
  212 00000012         GPIO1_Handler
  213 00000012         GPIO2_Handler
  214 00000012         GPIO3_Handler
  215 00000012         GPIO4_Handler
  216 00000012         GPIO5_Handler
  217 00000012         GPIO6_Handler
  218 00000012         AON_WDT_Handler
  219 00000012 E7FE            B                .
  220 00000014                 ENDP
  221 00000014         
  222 00000014         
  223 00000014                 ALIGN
  224 00000014         
  225 00000014         
  226 00000014         ; User Initial Stack & Heap
  227 00000014         
  228 00000014                 IF               :DEF:__MICROLIB
  235 00000014         
  236 00000014                 IMPORT           __use_two_region_memory
  237 00000014                 EXPORT           __user_initial_stackheap
  238 00000014         
  239 00000014         __user_initial_stackheap
                               PROC
  240 00000014 4804            LDR              R0, =  Heap_Mem
  241 00000016 4905            LDR              R1, =(Stack_Mem + Stack_Size)
  242 00000018 4A03            LDR              R2, = (Heap_Mem +  Heap_Size)
  243 0000001A 4B04            LDR              R3, = Stack_Mem
  244 0000001C 4770            BX               LR
  245 0000001E                 ENDP
  246 0000001E         
  247 0000001E 00 00           ALIGN
  248 00000020         
  249 00000020                 ENDIF
  250 00000020         
  251 00000020         
  252 00000020                 END



ARM Macro Assembler    Page 7 


              00000000 
              00000000 
              00000000 
              00000000 
Command Line: --debug --xref --diag_suppress=9931 --cpu=Cortex-M0+ --depend=.\o
ut\startup_cmsdk_cm0plus.d -o.\out\startup_cmsdk_cm0plus.o -I.\RTE\_BW_5G -ID:\
keil5\KEIL5\ARM\CMSIS\Include --predefine="__UVISION_VERSION SETA 528" --list=.
\out\startup_cmsdk_cm0plus.lst startup_CMSDK_CM0plus.s



ARM Macro Assembler    Page 1 Alphabetic symbol ordering
Relocatable symbols

STACK 00000000

Symbol: STACK
   Definitions
      At line 35 in file startup_CMSDK_CM0plus.s
   Uses
      None
Comment: STACK unused
Stack_Mem 00000000

Symbol: Stack_Mem
   Definitions
      At line 36 in file startup_CMSDK_CM0plus.s
   Uses
      At line 241 in file startup_CMSDK_CM0plus.s
      At line 243 in file startup_CMSDK_CM0plus.s

__initial_sp 00000000

Symbol: __initial_sp
   Definitions
      At line 37 in file startup_CMSDK_CM0plus.s
   Uses
      At line 63 in file startup_CMSDK_CM0plus.s
Comment: __initial_sp used once
3 symbols



ARM Macro Assembler    Page 1 Alphabetic symbol ordering
Relocatable symbols

HEAP 00000000

Symbol: HEAP
   Definitions
      At line 46 in file startup_CMSDK_CM0plus.s
   Uses
      None
Comment: HEAP unused
Heap_Mem 00000000

Symbol: Heap_Mem
   Definitions
      At line 48 in file startup_CMSDK_CM0plus.s
   Uses
      At line 240 in file startup_CMSDK_CM0plus.s
      At line 242 in file startup_CMSDK_CM0plus.s

__heap_base 00000000

Symbol: __heap_base
   Definitions
      At line 47 in file startup_CMSDK_CM0plus.s
   Uses
      None
Comment: __heap_base unused
__heap_limit 00000000

Symbol: __heap_limit
   Definitions
      At line 49 in file startup_CMSDK_CM0plus.s
   Uses
      None
Comment: __heap_limit unused
4 symbols



ARM Macro Assembler    Page 1 Alphabetic symbol ordering
Relocatable symbols

RESET 00000000

Symbol: RESET
   Definitions
      At line 58 in file startup_CMSDK_CM0plus.s
   Uses
      None
Comment: RESET unused
__Vectors 00000000

Symbol: __Vectors
   Definitions
      At line 63 in file startup_CMSDK_CM0plus.s
   Uses
      At line 59 in file startup_CMSDK_CM0plus.s
      At line 113 in file startup_CMSDK_CM0plus.s

__Vectors_End 000000C0

Symbol: __Vectors_End
   Definitions
      At line 111 in file startup_CMSDK_CM0plus.s
   Uses
      At line 60 in file startup_CMSDK_CM0plus.s
      At line 113 in file startup_CMSDK_CM0plus.s

3 symbols



ARM Macro Assembler    Page 1 Alphabetic symbol ordering
Relocatable symbols

.text 00000000

Symbol: .text
   Definitions
      At line 115 in file startup_CMSDK_CM0plus.s
   Uses
      None
Comment: .text unused
AFC_PLL_Handler 00000012

Symbol: AFC_PLL_Handler
   Definitions
      At line 207 in file startup_CMSDK_CM0plus.s
   Uses
      At line 99 in file startup_CMSDK_CM0plus.s
      At line 175 in file startup_CMSDK_CM0plus.s

AON_WDT_Handler 00000012

Symbol: AON_WDT_Handler
   Definitions
      At line 218 in file startup_CMSDK_CM0plus.s
   Uses
      At line 110 in file startup_CMSDK_CM0plus.s
      At line 186 in file startup_CMSDK_CM0plus.s

AUX_ADC_Handler 00000012

Symbol: AUX_ADC_Handler
   Definitions
      At line 206 in file startup_CMSDK_CM0plus.s
   Uses
      At line 98 in file startup_CMSDK_CM0plus.s
      At line 174 in file startup_CMSDK_CM0plus.s

BOR_Handler 00000012

Symbol: BOR_Handler
   Definitions
      At line 210 in file startup_CMSDK_CM0plus.s
   Uses
      At line 102 in file startup_CMSDK_CM0plus.s
      At line 178 in file startup_CMSDK_CM0plus.s

CACHE_Handler 00000012

Symbol: CACHE_Handler
   Definitions
      At line 199 in file startup_CMSDK_CM0plus.s
   Uses
      At line 91 in file startup_CMSDK_CM0plus.s
      At line 167 in file startup_CMSDK_CM0plus.s

DMA_Handler 00000012

Symbol: DMA_Handler
   Definitions
      At line 200 in file startup_CMSDK_CM0plus.s
   Uses



ARM Macro Assembler    Page 2 Alphabetic symbol ordering
Relocatable symbols

      At line 92 in file startup_CMSDK_CM0plus.s
      At line 168 in file startup_CMSDK_CM0plus.s

DUALTIMER_Handler 00000012

Symbol: DUALTIMER_Handler
   Definitions
      At line 191 in file startup_CMSDK_CM0plus.s
   Uses
      At line 83 in file startup_CMSDK_CM0plus.s
      At line 159 in file startup_CMSDK_CM0plus.s

Default_Handler 00000012

Symbol: Default_Handler
   Definitions
      At line 154 in file startup_CMSDK_CM0plus.s
   Uses
      None
Comment: Default_Handler unused
EFUSE_Handler 00000012

Symbol: EFUSE_Handler
   Definitions
      At line 205 in file startup_CMSDK_CM0plus.s
   Uses
      At line 97 in file startup_CMSDK_CM0plus.s
      At line 173 in file startup_CMSDK_CM0plus.s

GPIO0_Handler 00000012

Symbol: GPIO0_Handler
   Definitions
      At line 211 in file startup_CMSDK_CM0plus.s
   Uses
      At line 103 in file startup_CMSDK_CM0plus.s
      At line 179 in file startup_CMSDK_CM0plus.s

GPIO1_Handler 00000012

Symbol: GPIO1_Handler
   Definitions
      At line 212 in file startup_CMSDK_CM0plus.s
   Uses
      At line 104 in file startup_CMSDK_CM0plus.s
      At line 180 in file startup_CMSDK_CM0plus.s

GPIO2_Handler 00000012

Symbol: GPIO2_Handler
   Definitions
      At line 213 in file startup_CMSDK_CM0plus.s
   Uses
      At line 105 in file startup_CMSDK_CM0plus.s
      At line 181 in file startup_CMSDK_CM0plus.s

GPIO3_Handler 00000012

Symbol: GPIO3_Handler



ARM Macro Assembler    Page 3 Alphabetic symbol ordering
Relocatable symbols

   Definitions
      At line 214 in file startup_CMSDK_CM0plus.s
   Uses
      At line 106 in file startup_CMSDK_CM0plus.s
      At line 182 in file startup_CMSDK_CM0plus.s

GPIO4_Handler 00000012

Symbol: GPIO4_Handler
   Definitions
      At line 215 in file startup_CMSDK_CM0plus.s
   Uses
      At line 107 in file startup_CMSDK_CM0plus.s
      At line 183 in file startup_CMSDK_CM0plus.s

GPIO5_Handler 00000012

Symbol: GPIO5_Handler
   Definitions
      At line 216 in file startup_CMSDK_CM0plus.s
   Uses
      At line 108 in file startup_CMSDK_CM0plus.s
      At line 184 in file startup_CMSDK_CM0plus.s

GPIO6_Handler 00000012

Symbol: GPIO6_Handler
   Definitions
      At line 217 in file startup_CMSDK_CM0plus.s
   Uses
      At line 109 in file startup_CMSDK_CM0plus.s
      At line 185 in file startup_CMSDK_CM0plus.s

GPIO_Handler 00000012

Symbol: GPIO_Handler
   Definitions
      At line 198 in file startup_CMSDK_CM0plus.s
   Uses
      At line 90 in file startup_CMSDK_CM0plus.s
      At line 166 in file startup_CMSDK_CM0plus.s

HardFault_Handler 0000000A

Symbol: HardFault_Handler
   Definitions
      At line 138 in file startup_CMSDK_CM0plus.s
   Uses
      At line 66 in file startup_CMSDK_CM0plus.s
      At line 139 in file startup_CMSDK_CM0plus.s

I2C_Handler 00000012

Symbol: I2C_Handler
   Definitions
      At line 197 in file startup_CMSDK_CM0plus.s
   Uses
      At line 89 in file startup_CMSDK_CM0plus.s
      At line 165 in file startup_CMSDK_CM0plus.s



ARM Macro Assembler    Page 4 Alphabetic symbol ordering
Relocatable symbols


KEY_Handler 00000012

Symbol: KEY_Handler
   Definitions
      At line 204 in file startup_CMSDK_CM0plus.s
   Uses
      At line 96 in file startup_CMSDK_CM0plus.s
      At line 172 in file startup_CMSDK_CM0plus.s

LIGHT_Handler 00000012

Symbol: LIGHT_Handler
   Definitions
      At line 208 in file startup_CMSDK_CM0plus.s
   Uses
      At line 100 in file startup_CMSDK_CM0plus.s
      At line 176 in file startup_CMSDK_CM0plus.s

LOW_BAT_Handler 00000012

Symbol: LOW_BAT_Handler
   Definitions
      At line 209 in file startup_CMSDK_CM0plus.s
   Uses
      At line 101 in file startup_CMSDK_CM0plus.s
      At line 177 in file startup_CMSDK_CM0plus.s

NMI_Handler 00000008

Symbol: NMI_Handler
   Definitions
      At line 133 in file startup_CMSDK_CM0plus.s
   Uses
      At line 65 in file startup_CMSDK_CM0plus.s
      At line 134 in file startup_CMSDK_CM0plus.s

PLL_Handler 00000012

Symbol: PLL_Handler
   Definitions
      At line 203 in file startup_CMSDK_CM0plus.s
   Uses
      At line 95 in file startup_CMSDK_CM0plus.s
      At line 171 in file startup_CMSDK_CM0plus.s

PendSV_Handler 0000000E

Symbol: PendSV_Handler
   Definitions
      At line 146 in file startup_CMSDK_CM0plus.s
   Uses
      At line 77 in file startup_CMSDK_CM0plus.s
      At line 147 in file startup_CMSDK_CM0plus.s

RADAR_Handler 00000012

Symbol: RADAR_Handler
   Definitions



ARM Macro Assembler    Page 5 Alphabetic symbol ordering
Relocatable symbols

      At line 201 in file startup_CMSDK_CM0plus.s
   Uses
      At line 93 in file startup_CMSDK_CM0plus.s
      At line 169 in file startup_CMSDK_CM0plus.s

RC_CAL_Handler 00000012

Symbol: RC_CAL_Handler
   Definitions
      At line 202 in file startup_CMSDK_CM0plus.s
   Uses
      At line 94 in file startup_CMSDK_CM0plus.s
      At line 170 in file startup_CMSDK_CM0plus.s

Reset_Handler 00000000

Symbol: Reset_Handler
   Definitions
      At line 120 in file startup_CMSDK_CM0plus.s
   Uses
      At line 64 in file startup_CMSDK_CM0plus.s
      At line 121 in file startup_CMSDK_CM0plus.s

SPI0_Handler 00000012

Symbol: SPI0_Handler
   Definitions
      At line 195 in file startup_CMSDK_CM0plus.s
   Uses
      At line 87 in file startup_CMSDK_CM0plus.s
      At line 163 in file startup_CMSDK_CM0plus.s

SPI1_Handler 00000012

Symbol: SPI1_Handler
   Definitions
      At line 196 in file startup_CMSDK_CM0plus.s
   Uses
      At line 88 in file startup_CMSDK_CM0plus.s
      At line 164 in file startup_CMSDK_CM0plus.s

SVC_Handler 0000000C

Symbol: SVC_Handler
   Definitions
      At line 142 in file startup_CMSDK_CM0plus.s
   Uses
      At line 74 in file startup_CMSDK_CM0plus.s
      At line 143 in file startup_CMSDK_CM0plus.s

SysTick_Handler 00000010

Symbol: SysTick_Handler
   Definitions
      At line 150 in file startup_CMSDK_CM0plus.s
   Uses
      At line 78 in file startup_CMSDK_CM0plus.s
      At line 151 in file startup_CMSDK_CM0plus.s




ARM Macro Assembler    Page 6 Alphabetic symbol ordering
Relocatable symbols

TIMER0_Handler 00000012

Symbol: TIMER0_Handler
   Definitions
      At line 187 in file startup_CMSDK_CM0plus.s
   Uses
      At line 79 in file startup_CMSDK_CM0plus.s
      At line 155 in file startup_CMSDK_CM0plus.s

TIMER1_Handler 00000012

Symbol: TIMER1_Handler
   Definitions
      At line 188 in file startup_CMSDK_CM0plus.s
   Uses
      At line 80 in file startup_CMSDK_CM0plus.s
      At line 156 in file startup_CMSDK_CM0plus.s

TIMER2_Handler 00000012

Symbol: TIMER2_Handler
   Definitions
      At line 189 in file startup_CMSDK_CM0plus.s
   Uses
      At line 81 in file startup_CMSDK_CM0plus.s
      At line 157 in file startup_CMSDK_CM0plus.s

TIMER3_Handler 00000012

Symbol: TIMER3_Handler
   Definitions
      At line 190 in file startup_CMSDK_CM0plus.s
   Uses
      At line 82 in file startup_CMSDK_CM0plus.s
      At line 158 in file startup_CMSDK_CM0plus.s

UART0_Handler 00000012

Symbol: UART0_Handler
   Definitions
      At line 192 in file startup_CMSDK_CM0plus.s
   Uses
      At line 84 in file startup_CMSDK_CM0plus.s
      At line 160 in file startup_CMSDK_CM0plus.s

UART1_Handler 00000012

Symbol: UART1_Handler
   Definitions
      At line 193 in file startup_CMSDK_CM0plus.s
   Uses
      At line 85 in file startup_CMSDK_CM0plus.s
      At line 161 in file startup_CMSDK_CM0plus.s

UART2_Handler 00000012

Symbol: UART2_Handler
   Definitions
      At line 194 in file startup_CMSDK_CM0plus.s



ARM Macro Assembler    Page 7 Alphabetic symbol ordering
Relocatable symbols

   Uses
      At line 86 in file startup_CMSDK_CM0plus.s
      At line 162 in file startup_CMSDK_CM0plus.s

__user_initial_stackheap 00000014

Symbol: __user_initial_stackheap
   Definitions
      At line 239 in file startup_CMSDK_CM0plus.s
   Uses
      At line 237 in file startup_CMSDK_CM0plus.s
Comment: __user_initial_stackheap used once
41 symbols



ARM Macro Assembler    Page 1 Alphabetic symbol ordering
Absolute symbols

Heap_Size 00000000

Symbol: Heap_Size
   Definitions
      At line 44 in file startup_CMSDK_CM0plus.s
   Uses
      At line 48 in file startup_CMSDK_CM0plus.s
      At line 242 in file startup_CMSDK_CM0plus.s

Stack_Size 00000000

Symbol: Stack_Size
   Definitions
      At line 33 in file startup_CMSDK_CM0plus.s
   Uses
      At line 36 in file startup_CMSDK_CM0plus.s
      At line 241 in file startup_CMSDK_CM0plus.s

__Vectors_Size 000000C0

Symbol: __Vectors_Size
   Definitions
      At line 113 in file startup_CMSDK_CM0plus.s
   Uses
      At line 61 in file startup_CMSDK_CM0plus.s
Comment: __Vectors_Size used once
3 symbols



ARM Macro Assembler    Page 1 Alphabetic symbol ordering
External symbols

SystemInit 00000000

Symbol: SystemInit
   Definitions
      At line 122 in file startup_CMSDK_CM0plus.s
   Uses
      At line 124 in file startup_CMSDK_CM0plus.s
Comment: SystemInit used once
__main 00000000

Symbol: __main
   Definitions
      At line 123 in file startup_CMSDK_CM0plus.s
   Uses
      At line 126 in file startup_CMSDK_CM0plus.s
Comment: __main used once
__use_two_region_memory 00000000

Symbol: __use_two_region_memory
   Definitions
      At line 236 in file startup_CMSDK_CM0plus.s
   Uses
      None
Comment: __use_two_region_memory unused
3 symbols
392 symbols in table
